2025-12-09 22:18:49 - INFO - Initiating skull-stripping for pre-processed brain sub-MSC01_ses-func01_task-memoryscenes_space-MNI152NLin2009cAsym_desc-preproc_bold.nii.gz.
2025-12-09 22:18:49 - INFO - Successfully skull-stripped sub-MSC01_ses-func01_task-memoryscenes_space-MNI152NLin2009cAsym_desc-preproc_bold.nii.gz!
2025-12-09 22:18:50 - INFO - Initiating ROI time series data extraction...
2025-12-09 22:18:50 - INFO - nil.maskers.NiftiMasker.set_output() is currently unavailable. Using manual method instead.
2025-12-09 22:18:50 - INFO - Creating design matrix from events file...
2025-12-09 22:18:50 - INFO - Initiating skull-stripping for pre-processed brain sub-MSC01_ses-func02_task-memoryscenes_space-MNI152NLin2009cAsym_desc-preproc_bold.nii.gz.
2025-12-09 22:18:50 - INFO - Successfully skull-stripped sub-MSC01_ses-func02_task-memoryscenes_space-MNI152NLin2009cAsym_desc-preproc_bold.nii.gz!
2025-12-09 22:58:05 - INFO - Found skull-stripped BOLD image on disk for sub-MSC01, ses-func01. Loading...
2025-12-09 22:58:05 - INFO - Already skull stripped!
2025-12-09 22:58:05 - INFO - Initiating ROI time series data extraction...
2025-12-09 22:58:05 - INFO - nil.maskers.NiftiMasker.set_output() is currently unavailable. Using manual method instead.
2025-12-09 22:58:08 - INFO - Creating design matrix from events file...
2025-12-09 22:58:08 - INFO - Found skull-stripped BOLD image on disk for sub-MSC01, ses-func02. Loading...
2025-12-09 22:58:08 - INFO - Already skull stripped!
2025-12-09 22:58:08 - INFO - Initiating ROI time series data extraction...
2025-12-09 22:58:08 - INFO - nil.maskers.NiftiMasker.set_output() is currently unavailable. Using manual method instead.
2025-12-09 22:58:09 - INFO - Creating design matrix from events file...
2025-12-09 22:58:09 - INFO - Found skull-stripped BOLD image on disk for sub-MSC01, ses-func03. Loading...
2025-12-09 22:58:09 - INFO - Already skull stripped!
2025-12-09 22:58:09 - INFO - Initiating ROI time series data extraction...
2025-12-09 22:58:09 - INFO - nil.maskers.NiftiMasker.set_output() is currently unavailable. Using manual method instead.
2025-12-09 22:58:09 - INFO - Creating design matrix from events file...
2025-12-09 22:58:09 - INFO - Found skull-stripped BOLD image on disk for sub-MSC01, ses-func04. Loading...
2025-12-09 22:58:09 - INFO - Already skull stripped!
2025-12-09 22:58:09 - INFO - Initiating ROI time series data extraction...
2025-12-09 22:58:09 - INFO - nil.maskers.NiftiMasker.set_output() is currently unavailable. Using manual method instead.
2025-12-09 22:58:10 - INFO - Creating design matrix from events file...
2025-12-09 22:58:10 - INFO - Found skull-stripped BOLD image on disk for sub-MSC01, ses-func05. Loading...
2025-12-09 22:58:10 - INFO - Already skull stripped!
2025-12-09 22:58:10 - INFO - Initiating ROI time series data extraction...
2025-12-09 22:58:10 - INFO - nil.maskers.NiftiMasker.set_output() is currently unavailable. Using manual method instead.
2025-12-09 22:58:10 - INFO - Creating design matrix from events file...
2025-12-09 22:58:10 - INFO - Found skull-stripped BOLD image on disk for sub-MSC01, ses-func06. Loading...
2025-12-09 22:58:10 - INFO - Already skull stripped!
2025-12-09 22:58:10 - INFO - Initiating ROI time series data extraction...
2025-12-09 22:58:10 - INFO - nil.maskers.NiftiMasker.set_output() is currently unavailable. Using manual method instead.
2025-12-09 22:58:11 - INFO - Creating design matrix from events file...
2025-12-09 22:58:11 - INFO - Found skull-stripped BOLD image on disk for sub-MSC01, ses-func07. Loading...
2025-12-09 22:58:11 - INFO - Already skull stripped!
2025-12-09 22:58:11 - INFO - Initiating ROI time series data extraction...
2025-12-09 22:58:11 - INFO - nil.maskers.NiftiMasker.set_output() is currently unavailable. Using manual method instead.
2025-12-09 22:58:12 - INFO - Creating design matrix from events file...
2025-12-09 22:58:12 - INFO - Found skull-stripped BOLD image on disk for sub-MSC01, ses-func08. Loading...
2025-12-09 22:58:12 - INFO - Already skull stripped!
2025-12-09 22:58:12 - INFO - Initiating ROI time series data extraction...
2025-12-09 22:58:12 - INFO - nil.maskers.NiftiMasker.set_output() is currently unavailable. Using manual method instead.
2025-12-09 22:58:12 - INFO - Creating design matrix from events file...
2025-12-09 22:58:12 - INFO - Found skull-stripped BOLD image on disk for sub-MSC01, ses-func09. Loading...
2025-12-09 22:58:12 - INFO - Already skull stripped!
2025-12-09 22:58:12 - INFO - Initiating ROI time series data extraction...
2025-12-09 22:58:12 - INFO - nil.maskers.NiftiMasker.set_output() is currently unavailable. Using manual method instead.
2025-12-09 22:58:13 - INFO - Creating design matrix from events file...
2025-12-09 22:58:13 - INFO - Found skull-stripped BOLD image on disk for sub-MSC01, ses-func10. Loading...
2025-12-09 22:58:13 - INFO - Already skull stripped!
2025-12-09 22:58:13 - INFO - Initiating ROI time series data extraction...
2025-12-09 22:58:13 - INFO - nil.maskers.NiftiMasker.set_output() is currently unavailable. Using manual method instead.
2025-12-09 22:58:13 - INFO - Creating design matrix from events file...
2025-12-09 22:58:13 - INFO - Found skull-stripped BOLD image on disk for sub-MSC02, ses-func01. Loading...
2025-12-09 22:58:13 - INFO - Already skull stripped!
2025-12-09 22:58:13 - INFO - Initiating ROI time series data extraction...
2025-12-09 22:58:13 - INFO - nil.maskers.NiftiMasker.set_output() is currently unavailable. Using manual method instead.
2025-12-09 22:58:14 - INFO - Creating design matrix from events file...
2025-12-09 22:58:14 - INFO - Found skull-stripped BOLD image on disk for sub-MSC02, ses-func02. Loading...
2025-12-09 22:58:14 - INFO - Already skull stripped!
2025-12-09 22:58:14 - INFO - Initiating ROI time series data extraction...
2025-12-09 22:58:14 - INFO - nil.maskers.NiftiMasker.set_output() is currently unavailable. Using manual method instead.
2025-12-09 22:58:14 - INFO - Creating design matrix from events file...
2025-12-09 22:58:14 - INFO - Found skull-stripped BOLD image on disk for sub-MSC02, ses-func03. Loading...
2025-12-09 22:58:14 - INFO - Already skull stripped!
2025-12-09 22:58:14 - INFO - Initiating ROI time series data extraction...
2025-12-09 22:58:14 - INFO - nil.maskers.NiftiMasker.set_output() is currently unavailable. Using manual method instead.
2025-12-09 22:58:15 - INFO - Creating design matrix from events file...
2025-12-09 22:58:15 - INFO - Found skull-stripped BOLD image on disk for sub-MSC02, ses-func05. Loading...
2025-12-09 22:58:15 - INFO - Already skull stripped!
2025-12-09 22:58:15 - INFO - Initiating ROI time series data extraction...
2025-12-09 22:58:15 - INFO - nil.maskers.NiftiMasker.set_output() is currently unavailable. Using manual method instead.
2025-12-09 22:58:16 - INFO - Creating design matrix from events file...
2025-12-09 22:58:16 - INFO - Found skull-stripped BOLD image on disk for sub-MSC02, ses-func06. Loading...
2025-12-09 22:58:16 - INFO - Already skull stripped!
2025-12-09 22:58:16 - INFO - Initiating ROI time series data extraction...
2025-12-09 22:58:16 - INFO - nil.maskers.NiftiMasker.set_output() is currently unavailable. Using manual method instead.
2025-12-09 22:58:16 - INFO - Creating design matrix from events file...
2025-12-09 22:58:16 - INFO - Found skull-stripped BOLD image on disk for sub-MSC02, ses-func07. Loading...
2025-12-09 22:58:16 - INFO - Already skull stripped!
2025-12-09 22:58:16 - INFO - Initiating ROI time series data extraction...
2025-12-09 22:58:16 - INFO - nil.maskers.NiftiMasker.set_output() is currently unavailable. Using manual method instead.
2025-12-09 22:58:17 - INFO - Creating design matrix from events file...
2025-12-09 22:58:17 - INFO - Found skull-stripped BOLD image on disk for sub-MSC02, ses-func09. Loading...
2025-12-09 22:58:17 - INFO - Already skull stripped!
2025-12-09 22:58:17 - INFO - Initiating ROI time series data extraction...
2025-12-09 22:58:17 - INFO - nil.maskers.NiftiMasker.set_output() is currently unavailable. Using manual method instead.
2025-12-09 22:58:17 - INFO - Creating design matrix from events file...
2025-12-09 22:58:17 - INFO - Found skull-stripped BOLD image on disk for sub-MSC02, ses-func10. Loading...
2025-12-09 22:58:17 - INFO - Already skull stripped!
2025-12-09 22:58:17 - INFO - Initiating ROI time series data extraction...
2025-12-09 22:58:17 - INFO - nil.maskers.NiftiMasker.set_output() is currently unavailable. Using manual method instead.
2025-12-09 22:58:18 - INFO - Creating design matrix from events file...
2025-12-09 22:58:18 - INFO - Found skull-stripped BOLD image on disk for sub-MSC03, ses-func01. Loading...
2025-12-09 22:58:18 - INFO - Already skull stripped!
2025-12-09 22:58:18 - INFO - Initiating ROI time series data extraction...
2025-12-09 22:58:18 - INFO - nil.maskers.NiftiMasker.set_output() is currently unavailable. Using manual method instead.
2025-12-09 22:58:19 - INFO - Creating design matrix from events file...
2025-12-09 22:58:19 - INFO - Found skull-stripped BOLD image on disk for sub-MSC03, ses-func02. Loading...
2025-12-09 22:58:19 - INFO - Already skull stripped!
2025-12-09 22:58:19 - INFO - Initiating ROI time series data extraction...
2025-12-09 22:58:19 - INFO - nil.maskers.NiftiMasker.set_output() is currently unavailable. Using manual method instead.
2025-12-09 22:58:19 - INFO - Creating design matrix from events file...
2025-12-09 22:58:19 - INFO - Found skull-stripped BOLD image on disk for sub-MSC03, ses-func03. Loading...
2025-12-09 22:58:19 - INFO - Already skull stripped!
2025-12-09 22:58:19 - INFO - Initiating ROI time series data extraction...
2025-12-09 22:58:19 - INFO - nil.maskers.NiftiMasker.set_output() is currently unavailable. Using manual method instead.
2025-12-09 22:58:20 - INFO - Creating design matrix from events file...
2025-12-09 22:58:20 - INFO - Found skull-stripped BOLD image on disk for sub-MSC03, ses-func04. Loading...
2025-12-09 22:58:20 - INFO - Already skull stripped!
2025-12-09 22:58:20 - INFO - Initiating ROI time series data extraction...
2025-12-09 22:58:20 - INFO - nil.maskers.NiftiMasker.set_output() is currently unavailable. Using manual method instead.
2025-12-09 22:58:20 - INFO - Creating design matrix from events file...
2025-12-09 22:58:20 - INFO - Found skull-stripped BOLD image on disk for sub-MSC03, ses-func05. Loading...
2025-12-09 22:58:20 - INFO - Already skull stripped!
2025-12-09 22:58:20 - INFO - Initiating ROI time series data extraction...
2025-12-09 22:58:20 - INFO - nil.maskers.NiftiMasker.set_output() is currently unavailable. Using manual method instead.
2025-12-09 22:58:21 - INFO - Creating design matrix from events file...
2025-12-09 22:58:21 - INFO - Found skull-stripped BOLD image on disk for sub-MSC03, ses-func06. Loading...
2025-12-09 22:58:21 - INFO - Already skull stripped!
2025-12-09 22:58:21 - INFO - Initiating ROI time series data extraction...
2025-12-09 22:58:21 - INFO - nil.maskers.NiftiMasker.set_output() is currently unavailable. Using manual method instead.
2025-12-09 22:58:21 - INFO - Creating design matrix from events file...
2025-12-09 22:58:21 - INFO - Found skull-stripped BOLD image on disk for sub-MSC03, ses-func07. Loading...
2025-12-09 22:58:21 - INFO - Already skull stripped!
2025-12-09 22:58:21 - INFO - Initiating ROI time series data extraction...
2025-12-09 22:58:21 - INFO - nil.maskers.NiftiMasker.set_output() is currently unavailable. Using manual method instead.
2025-12-09 22:58:22 - INFO - Creating design matrix from events file...
2025-12-09 22:58:22 - INFO - Found skull-stripped BOLD image on disk for sub-MSC03, ses-func08. Loading...
2025-12-09 22:58:22 - INFO - Already skull stripped!
2025-12-09 22:58:22 - INFO - Initiating ROI time series data extraction...
2025-12-09 22:58:22 - INFO - nil.maskers.NiftiMasker.set_output() is currently unavailable. Using manual method instead.
2025-12-09 22:58:22 - INFO - Creating design matrix from events file...
2025-12-09 22:58:22 - INFO - Found skull-stripped BOLD image on disk for sub-MSC03, ses-func09. Loading...
2025-12-09 22:58:22 - INFO - Already skull stripped!
2025-12-09 22:58:22 - INFO - Initiating ROI time series data extraction...
2025-12-09 22:58:22 - INFO - nil.maskers.NiftiMasker.set_output() is currently unavailable. Using manual method instead.
2025-12-09 22:58:23 - INFO - Creating design matrix from events file...
2025-12-09 22:58:23 - INFO - Found skull-stripped BOLD image on disk for sub-MSC03, ses-func10. Loading...
2025-12-09 22:58:23 - INFO - Already skull stripped!
2025-12-09 22:58:23 - INFO - Initiating ROI time series data extraction...
2025-12-09 22:58:23 - INFO - nil.maskers.NiftiMasker.set_output() is currently unavailable. Using manual method instead.
2025-12-09 22:58:24 - INFO - Creating design matrix from events file...
2025-12-09 22:58:24 - INFO - Found skull-stripped BOLD image on disk for sub-MSC04, ses-func01. Loading...
2025-12-09 22:58:24 - INFO - Already skull stripped!
2025-12-09 22:58:24 - INFO - Initiating ROI time series data extraction...
2025-12-09 22:58:24 - INFO - nil.maskers.NiftiMasker.set_output() is currently unavailable. Using manual method instead.
2025-12-09 22:58:24 - INFO - Creating design matrix from events file...
2025-12-09 22:58:24 - INFO - Found skull-stripped BOLD image on disk for sub-MSC04, ses-func02. Loading...
2025-12-09 22:58:24 - INFO - Already skull stripped!
2025-12-09 22:58:24 - INFO - Initiating ROI time series data extraction...
2025-12-09 22:58:24 - INFO - nil.maskers.NiftiMasker.set_output() is currently unavailable. Using manual method instead.
2025-12-09 22:58:25 - INFO - Creating design matrix from events file...
2025-12-09 22:58:25 - INFO - Found skull-stripped BOLD image on disk for sub-MSC04, ses-func03. Loading...
2025-12-09 22:58:25 - INFO - Already skull stripped!
2025-12-09 22:58:25 - INFO - Initiating ROI time series data extraction...
2025-12-09 22:58:25 - INFO - nil.maskers.NiftiMasker.set_output() is currently unavailable. Using manual method instead.
2025-12-09 22:58:25 - INFO - Creating design matrix from events file...
2025-12-09 22:58:25 - INFO - Found skull-stripped BOLD image on disk for sub-MSC04, ses-func04. Loading...
2025-12-09 22:58:25 - INFO - Already skull stripped!
2025-12-09 22:58:25 - INFO - Initiating ROI time series data extraction...
2025-12-09 22:58:25 - INFO - nil.maskers.NiftiMasker.set_output() is currently unavailable. Using manual method instead.
2025-12-09 22:58:26 - INFO - Creating design matrix from events file...
2025-12-09 22:58:26 - INFO - Found skull-stripped BOLD image on disk for sub-MSC04, ses-func05. Loading...
2025-12-09 22:58:26 - INFO - Already skull stripped!
2025-12-09 22:58:26 - INFO - Initiating ROI time series data extraction...
2025-12-09 22:58:26 - INFO - nil.maskers.NiftiMasker.set_output() is currently unavailable. Using manual method instead.
2025-12-09 22:58:26 - INFO - Creating design matrix from events file...
2025-12-09 22:58:26 - INFO - Found skull-stripped BOLD image on disk for sub-MSC04, ses-func06. Loading...
2025-12-09 22:58:26 - INFO - Already skull stripped!
2025-12-09 22:58:26 - INFO - Initiating ROI time series data extraction...
2025-12-09 22:58:26 - INFO - nil.maskers.NiftiMasker.set_output() is currently unavailable. Using manual method instead.
2025-12-09 22:58:27 - INFO - Creating design matrix from events file...
2025-12-09 22:58:27 - INFO - Found skull-stripped BOLD image on disk for sub-MSC04, ses-func07. Loading...
2025-12-09 22:58:27 - INFO - Already skull stripped!
2025-12-09 22:58:27 - INFO - Initiating ROI time series data extraction...
2025-12-09 22:58:27 - INFO - nil.maskers.NiftiMasker.set_output() is currently unavailable. Using manual method instead.
2025-12-09 22:58:28 - INFO - Creating design matrix from events file...
2025-12-09 22:58:28 - INFO - Found skull-stripped BOLD image on disk for sub-MSC04, ses-func08. Loading...
2025-12-09 22:58:28 - INFO - Already skull stripped!
2025-12-09 22:58:28 - INFO - Initiating ROI time series data extraction...
2025-12-09 22:58:28 - INFO - nil.maskers.NiftiMasker.set_output() is currently unavailable. Using manual method instead.
2025-12-09 22:58:28 - INFO - Creating design matrix from events file...
2025-12-09 22:58:28 - INFO - Found skull-stripped BOLD image on disk for sub-MSC04, ses-func09. Loading...
2025-12-09 22:58:28 - INFO - Already skull stripped!
2025-12-09 22:58:28 - INFO - Initiating ROI time series data extraction...
2025-12-09 22:58:28 - INFO - nil.maskers.NiftiMasker.set_output() is currently unavailable. Using manual method instead.
2025-12-09 22:58:29 - INFO - Creating design matrix from events file...
2025-12-09 22:58:29 - INFO - Found skull-stripped BOLD image on disk for sub-MSC04, ses-func10. Loading...
2025-12-09 22:58:29 - INFO - Already skull stripped!
2025-12-09 22:58:29 - INFO - Initiating ROI time series data extraction...
2025-12-09 22:58:29 - INFO - nil.maskers.NiftiMasker.set_output() is currently unavailable. Using manual method instead.
2025-12-09 22:58:29 - INFO - Creating design matrix from events file...
2025-12-09 22:58:29 - INFO - Found skull-stripped BOLD image on disk for sub-MSC05, ses-func01. Loading...
2025-12-09 22:58:29 - INFO - Already skull stripped!
2025-12-09 22:58:29 - INFO - Initiating ROI time series data extraction...
2025-12-09 22:58:29 - INFO - nil.maskers.NiftiMasker.set_output() is currently unavailable. Using manual method instead.
2025-12-09 22:58:30 - INFO - Creating design matrix from events file...
2025-12-09 22:58:30 - INFO - Found skull-stripped BOLD image on disk for sub-MSC05, ses-func02. Loading...
2025-12-09 22:58:30 - INFO - Already skull stripped!
2025-12-09 22:58:30 - INFO - Initiating ROI time series data extraction...
2025-12-09 22:58:30 - INFO - nil.maskers.NiftiMasker.set_output() is currently unavailable. Using manual method instead.
2025-12-09 22:58:30 - INFO - Creating design matrix from events file...
2025-12-09 22:58:30 - INFO - Found skull-stripped BOLD image on disk for sub-MSC05, ses-func03. Loading...
2025-12-09 22:58:30 - INFO - Already skull stripped!
2025-12-09 22:58:30 - INFO - Initiating ROI time series data extraction...
2025-12-09 22:58:30 - INFO - nil.maskers.NiftiMasker.set_output() is currently unavailable. Using manual method instead.
2025-12-09 22:58:33 - INFO - Creating design matrix from events file...
2025-12-09 22:58:33 - INFO - Found skull-stripped BOLD image on disk for sub-MSC05, ses-func04. Loading...
2025-12-09 22:58:33 - INFO - Already skull stripped!
2025-12-09 22:58:33 - INFO - Initiating ROI time series data extraction...
2025-12-09 22:58:33 - INFO - nil.maskers.NiftiMasker.set_output() is currently unavailable. Using manual method instead.
2025-12-09 22:58:34 - INFO - Creating design matrix from events file...
2025-12-09 22:58:34 - INFO - Found skull-stripped BOLD image on disk for sub-MSC05, ses-func05. Loading...
2025-12-09 22:58:34 - INFO - Already skull stripped!
2025-12-09 22:58:34 - INFO - Initiating ROI time series data extraction...
2025-12-09 22:58:34 - INFO - nil.maskers.NiftiMasker.set_output() is currently unavailable. Using manual method instead.
2025-12-09 22:58:34 - INFO - Creating design matrix from events file...
2025-12-09 22:58:34 - INFO - Found skull-stripped BOLD image on disk for sub-MSC05, ses-func06. Loading...
2025-12-09 22:58:34 - INFO - Already skull stripped!
2025-12-09 22:58:34 - INFO - Initiating ROI time series data extraction...
2025-12-09 22:58:34 - INFO - nil.maskers.NiftiMasker.set_output() is currently unavailable. Using manual method instead.
2025-12-09 22:58:35 - INFO - Creating design matrix from events file...
2025-12-09 22:58:35 - INFO - Found skull-stripped BOLD image on disk for sub-MSC05, ses-func07. Loading...
2025-12-09 22:58:35 - INFO - Already skull stripped!
2025-12-09 22:58:35 - INFO - Initiating ROI time series data extraction...
2025-12-09 22:58:35 - INFO - nil.maskers.NiftiMasker.set_output() is currently unavailable. Using manual method instead.
2025-12-09 22:58:35 - INFO - Creating design matrix from events file...
2025-12-09 22:58:35 - INFO - Found skull-stripped BOLD image on disk for sub-MSC05, ses-func08. Loading...
2025-12-09 22:58:35 - INFO - Already skull stripped!
2025-12-09 22:58:35 - INFO - Initiating ROI time series data extraction...
2025-12-09 22:58:35 - INFO - nil.maskers.NiftiMasker.set_output() is currently unavailable. Using manual method instead.
2025-12-09 22:58:36 - INFO - Creating design matrix from events file...
2025-12-09 22:58:36 - INFO - Found skull-stripped BOLD image on disk for sub-MSC05, ses-func09. Loading...
2025-12-09 22:58:36 - INFO - Already skull stripped!
2025-12-09 22:58:36 - INFO - Initiating ROI time series data extraction...
2025-12-09 22:58:36 - INFO - nil.maskers.NiftiMasker.set_output() is currently unavailable. Using manual method instead.
2025-12-09 22:58:36 - INFO - Creating design matrix from events file...
2025-12-09 22:58:36 - INFO - Found skull-stripped BOLD image on disk for sub-MSC05, ses-func10. Loading...
2025-12-09 22:58:36 - INFO - Already skull stripped!
2025-12-09 22:58:36 - INFO - Initiating ROI time series data extraction...
2025-12-09 22:58:36 - INFO - nil.maskers.NiftiMasker.set_output() is currently unavailable. Using manual method instead.
2025-12-09 22:58:37 - INFO - Creating design matrix from events file...
2025-12-09 22:58:37 - INFO - Found skull-stripped BOLD image on disk for sub-MSC06, ses-func01. Loading...
2025-12-09 22:58:37 - INFO - Already skull stripped!
2025-12-09 22:58:37 - INFO - Initiating ROI time series data extraction...
2025-12-09 22:58:37 - INFO - nil.maskers.NiftiMasker.set_output() is currently unavailable. Using manual method instead.
2025-12-09 22:58:38 - INFO - Creating design matrix from events file...
2025-12-09 22:58:38 - INFO - Found skull-stripped BOLD image on disk for sub-MSC06, ses-func02. Loading...
2025-12-09 22:58:38 - INFO - Already skull stripped!
2025-12-09 22:58:38 - INFO - Initiating ROI time series data extraction...
2025-12-09 22:58:38 - INFO - nil.maskers.NiftiMasker.set_output() is currently unavailable. Using manual method instead.
2025-12-09 22:58:38 - INFO - Creating design matrix from events file...
2025-12-09 22:58:38 - INFO - Found skull-stripped BOLD image on disk for sub-MSC06, ses-func03. Loading...
2025-12-09 22:58:38 - INFO - Already skull stripped!
2025-12-09 22:58:38 - INFO - Initiating ROI time series data extraction...
2025-12-09 22:58:38 - INFO - nil.maskers.NiftiMasker.set_output() is currently unavailable. Using manual method instead.
2025-12-09 22:58:39 - INFO - Creating design matrix from events file...
2025-12-09 22:58:39 - INFO - Found skull-stripped BOLD image on disk for sub-MSC06, ses-func04. Loading...
2025-12-09 22:58:39 - INFO - Already skull stripped!
2025-12-09 22:58:39 - INFO - Initiating ROI time series data extraction...
2025-12-09 22:58:39 - INFO - nil.maskers.NiftiMasker.set_output() is currently unavailable. Using manual method instead.
2025-12-09 22:58:39 - INFO - Creating design matrix from events file...
2025-12-09 22:58:39 - INFO - Found skull-stripped BOLD image on disk for sub-MSC06, ses-func05. Loading...
2025-12-09 22:58:39 - INFO - Already skull stripped!
2025-12-09 22:58:39 - INFO - Initiating ROI time series data extraction...
2025-12-09 22:58:39 - INFO - nil.maskers.NiftiMasker.set_output() is currently unavailable. Using manual method instead.
2025-12-09 22:58:40 - INFO - Creating design matrix from events file...
2025-12-09 22:58:40 - INFO - Found skull-stripped BOLD image on disk for sub-MSC06, ses-func06. Loading...
2025-12-09 22:58:40 - INFO - Already skull stripped!
2025-12-09 22:58:40 - INFO - Initiating ROI time series data extraction...
2025-12-09 22:58:40 - INFO - nil.maskers.NiftiMasker.set_output() is currently unavailable. Using manual method instead.
2025-12-09 22:58:40 - INFO - Creating design matrix from events file...
2025-12-09 22:58:41 - INFO - Found skull-stripped BOLD image on disk for sub-MSC06, ses-func07. Loading...
2025-12-09 22:58:41 - INFO - Already skull stripped!
2025-12-09 22:58:41 - INFO - Initiating ROI time series data extraction...
2025-12-09 22:58:41 - INFO - nil.maskers.NiftiMasker.set_output() is currently unavailable. Using manual method instead.
2025-12-09 22:58:41 - INFO - Creating design matrix from events file...
2025-12-09 22:58:41 - INFO - Found skull-stripped BOLD image on disk for sub-MSC06, ses-func08. Loading...
2025-12-09 22:58:41 - INFO - Already skull stripped!
2025-12-09 22:58:41 - INFO - Initiating ROI time series data extraction...
2025-12-09 22:58:41 - INFO - nil.maskers.NiftiMasker.set_output() is currently unavailable. Using manual method instead.
2025-12-09 22:58:42 - INFO - Creating design matrix from events file...
2025-12-09 22:58:42 - INFO - Found skull-stripped BOLD image on disk for sub-MSC06, ses-func09. Loading...
2025-12-09 22:58:42 - INFO - Already skull stripped!
2025-12-09 22:58:42 - INFO - Initiating ROI time series data extraction...
2025-12-09 22:58:42 - INFO - nil.maskers.NiftiMasker.set_output() is currently unavailable. Using manual method instead.
2025-12-09 22:58:42 - INFO - Creating design matrix from events file...
2025-12-09 22:58:42 - INFO - Found skull-stripped BOLD image on disk for sub-MSC06, ses-func10. Loading...
2025-12-09 22:58:42 - INFO - Already skull stripped!
2025-12-09 22:58:42 - INFO - Initiating ROI time series data extraction...
2025-12-09 22:58:42 - INFO - nil.maskers.NiftiMasker.set_output() is currently unavailable. Using manual method instead.
2025-12-09 22:58:43 - INFO - Creating design matrix from events file...
2025-12-09 22:58:43 - INFO - Found skull-stripped BOLD image on disk for sub-MSC07, ses-func01. Loading...
2025-12-09 22:58:43 - INFO - Already skull stripped!
2025-12-09 22:58:43 - INFO - Initiating ROI time series data extraction...
2025-12-09 22:58:43 - INFO - nil.maskers.NiftiMasker.set_output() is currently unavailable. Using manual method instead.
2025-12-09 22:58:43 - INFO - Creating design matrix from events file...
2025-12-09 22:58:43 - INFO - Found skull-stripped BOLD image on disk for sub-MSC07, ses-func02. Loading...
2025-12-09 22:58:43 - INFO - Already skull stripped!
2025-12-09 22:58:43 - INFO - Initiating ROI time series data extraction...
2025-12-09 22:58:43 - INFO - nil.maskers.NiftiMasker.set_output() is currently unavailable. Using manual method instead.
2025-12-09 22:58:44 - INFO - Creating design matrix from events file...
2025-12-09 22:58:44 - INFO - Found skull-stripped BOLD image on disk for sub-MSC07, ses-func03. Loading...
2025-12-09 22:58:44 - INFO - Already skull stripped!
2025-12-09 22:58:44 - INFO - Initiating ROI time series data extraction...
2025-12-09 22:58:44 - INFO - nil.maskers.NiftiMasker.set_output() is currently unavailable. Using manual method instead.
2025-12-09 22:58:44 - INFO - Creating design matrix from events file...
2025-12-09 22:58:44 - INFO - Found skull-stripped BOLD image on disk for sub-MSC07, ses-func04. Loading...
2025-12-09 22:58:44 - INFO - Already skull stripped!
2025-12-09 22:58:44 - INFO - Initiating ROI time series data extraction...
2025-12-09 22:58:44 - INFO - nil.maskers.NiftiMasker.set_output() is currently unavailable. Using manual method instead.
2025-12-09 22:58:45 - INFO - Creating design matrix from events file...
2025-12-09 22:58:45 - INFO - Found skull-stripped BOLD image on disk for sub-MSC07, ses-func05. Loading...
2025-12-09 22:58:45 - INFO - Already skull stripped!
2025-12-09 22:58:45 - INFO - Initiating ROI time series data extraction...
2025-12-09 22:58:45 - INFO - nil.maskers.NiftiMasker.set_output() is currently unavailable. Using manual method instead.
2025-12-09 22:58:46 - INFO - Creating design matrix from events file...
2025-12-09 22:58:46 - INFO - Found skull-stripped BOLD image on disk for sub-MSC07, ses-func06. Loading...
2025-12-09 22:58:46 - INFO - Already skull stripped!
2025-12-09 22:58:46 - INFO - Initiating ROI time series data extraction...
2025-12-09 22:58:46 - INFO - nil.maskers.NiftiMasker.set_output() is currently unavailable. Using manual method instead.
2025-12-09 22:58:46 - INFO - Creating design matrix from events file...
2025-12-09 22:58:46 - INFO - Found skull-stripped BOLD image on disk for sub-MSC07, ses-func07. Loading...
2025-12-09 22:58:46 - INFO - Already skull stripped!
2025-12-09 22:58:46 - INFO - Initiating ROI time series data extraction...
2025-12-09 22:58:46 - INFO - nil.maskers.NiftiMasker.set_output() is currently unavailable. Using manual method instead.
2025-12-09 22:58:47 - INFO - Creating design matrix from events file...
2025-12-09 22:58:47 - INFO - Found skull-stripped BOLD image on disk for sub-MSC07, ses-func08. Loading...
2025-12-09 22:58:47 - INFO - Already skull stripped!
2025-12-09 22:58:47 - INFO - Initiating ROI time series data extraction...
2025-12-09 22:58:47 - INFO - nil.maskers.NiftiMasker.set_output() is currently unavailable. Using manual method instead.
2025-12-09 22:58:47 - INFO - Creating design matrix from events file...
2025-12-09 22:58:47 - INFO - Found skull-stripped BOLD image on disk for sub-MSC07, ses-func09. Loading...
2025-12-09 22:58:47 - INFO - Already skull stripped!
2025-12-09 22:58:47 - INFO - Initiating ROI time series data extraction...
2025-12-09 22:58:47 - INFO - nil.maskers.NiftiMasker.set_output() is currently unavailable. Using manual method instead.
2025-12-09 22:58:48 - INFO - Creating design matrix from events file...
2025-12-09 22:58:48 - INFO - Found skull-stripped BOLD image on disk for sub-MSC07, ses-func10. Loading...
2025-12-09 22:58:48 - INFO - Already skull stripped!
2025-12-09 22:58:48 - INFO - Initiating ROI time series data extraction...
2025-12-09 22:58:48 - INFO - nil.maskers.NiftiMasker.set_output() is currently unavailable. Using manual method instead.
2025-12-09 22:58:48 - INFO - Creating design matrix from events file...
2025-12-09 22:58:48 - INFO - Found skull-stripped BOLD image on disk for sub-MSC08, ses-func01. Loading...
2025-12-09 22:58:48 - INFO - Already skull stripped!
2025-12-09 22:58:48 - INFO - Initiating ROI time series data extraction...
2025-12-09 22:58:48 - INFO - nil.maskers.NiftiMasker.set_output() is currently unavailable. Using manual method instead.
2025-12-09 22:58:49 - INFO - Creating design matrix from events file...
2025-12-09 22:58:49 - INFO - Found skull-stripped BOLD image on disk for sub-MSC08, ses-func02. Loading...
2025-12-09 22:58:49 - INFO - Already skull stripped!
2025-12-09 22:58:49 - INFO - Initiating ROI time series data extraction...
2025-12-09 22:58:49 - INFO - nil.maskers.NiftiMasker.set_output() is currently unavailable. Using manual method instead.
2025-12-09 22:58:50 - INFO - Creating design matrix from events file...
2025-12-09 22:58:50 - INFO - Found skull-stripped BOLD image on disk for sub-MSC08, ses-func03. Loading...
2025-12-09 22:58:50 - INFO - Already skull stripped!
2025-12-09 22:58:50 - INFO - Initiating ROI time series data extraction...
2025-12-09 22:58:50 - INFO - nil.maskers.NiftiMasker.set_output() is currently unavailable. Using manual method instead.
2025-12-09 22:58:50 - INFO - Creating design matrix from events file...
2025-12-09 22:58:50 - INFO - Found skull-stripped BOLD image on disk for sub-MSC08, ses-func04. Loading...
2025-12-09 22:58:50 - INFO - Already skull stripped!
2025-12-09 22:58:50 - INFO - Initiating ROI time series data extraction...
2025-12-09 22:58:50 - INFO - nil.maskers.NiftiMasker.set_output() is currently unavailable. Using manual method instead.
2025-12-09 22:58:51 - INFO - Creating design matrix from events file...
2025-12-09 22:58:51 - INFO - Found skull-stripped BOLD image on disk for sub-MSC08, ses-func05. Loading...
2025-12-09 22:58:51 - INFO - Already skull stripped!
2025-12-09 22:58:51 - INFO - Initiating ROI time series data extraction...
2025-12-09 22:58:51 - INFO - nil.maskers.NiftiMasker.set_output() is currently unavailable. Using manual method instead.
2025-12-09 22:58:51 - INFO - Creating design matrix from events file...
2025-12-09 22:58:51 - INFO - Found skull-stripped BOLD image on disk for sub-MSC08, ses-func06. Loading...
2025-12-09 22:58:51 - INFO - Already skull stripped!
2025-12-09 22:58:51 - INFO - Initiating ROI time series data extraction...
2025-12-09 22:58:51 - INFO - nil.maskers.NiftiMasker.set_output() is currently unavailable. Using manual method instead.
2025-12-09 22:58:52 - INFO - Creating design matrix from events file...
2025-12-09 22:58:52 - INFO - Found skull-stripped BOLD image on disk for sub-MSC08, ses-func07. Loading...
2025-12-09 22:58:52 - INFO - Already skull stripped!
2025-12-09 22:58:52 - INFO - Initiating ROI time series data extraction...
2025-12-09 22:58:52 - INFO - nil.maskers.NiftiMasker.set_output() is currently unavailable. Using manual method instead.
2025-12-09 22:58:52 - INFO - Creating design matrix from events file...
2025-12-09 22:58:52 - INFO - Found skull-stripped BOLD image on disk for sub-MSC08, ses-func08. Loading...
2025-12-09 22:58:52 - INFO - Already skull stripped!
2025-12-09 22:58:52 - INFO - Initiating ROI time series data extraction...
2025-12-09 22:58:52 - INFO - nil.maskers.NiftiMasker.set_output() is currently unavailable. Using manual method instead.
2025-12-09 22:58:53 - INFO - Creating design matrix from events file...
2025-12-09 22:58:53 - INFO - Found skull-stripped BOLD image on disk for sub-MSC08, ses-func09. Loading...
2025-12-09 22:58:53 - INFO - Already skull stripped!
2025-12-09 22:58:53 - INFO - Initiating ROI time series data extraction...
2025-12-09 22:58:53 - INFO - nil.maskers.NiftiMasker.set_output() is currently unavailable. Using manual method instead.
2025-12-09 22:58:53 - INFO - Creating design matrix from events file...
2025-12-09 22:58:53 - INFO - Found skull-stripped BOLD image on disk for sub-MSC08, ses-func10. Loading...
2025-12-09 22:58:53 - INFO - Already skull stripped!
2025-12-09 22:58:54 - INFO - Initiating ROI time series data extraction...
2025-12-09 22:58:54 - INFO - nil.maskers.NiftiMasker.set_output() is currently unavailable. Using manual method instead.
2025-12-09 22:58:54 - INFO - Creating design matrix from events file...
2025-12-09 22:58:54 - INFO - Found skull-stripped BOLD image on disk for sub-MSC09, ses-func01. Loading...
2025-12-09 22:58:54 - INFO - Already skull stripped!
2025-12-09 22:58:54 - INFO - Initiating ROI time series data extraction...
2025-12-09 22:58:54 - INFO - nil.maskers.NiftiMasker.set_output() is currently unavailable. Using manual method instead.
2025-12-09 22:58:55 - INFO - Creating design matrix from events file...
2025-12-09 22:58:55 - INFO - Found skull-stripped BOLD image on disk for sub-MSC09, ses-func02. Loading...
2025-12-09 22:58:55 - INFO - Already skull stripped!
2025-12-09 22:58:55 - INFO - Initiating ROI time series data extraction...
2025-12-09 22:58:55 - INFO - nil.maskers.NiftiMasker.set_output() is currently unavailable. Using manual method instead.
2025-12-09 22:58:55 - INFO - Creating design matrix from events file...
2025-12-09 22:58:55 - INFO - Found skull-stripped BOLD image on disk for sub-MSC09, ses-func03. Loading...
2025-12-09 22:58:55 - INFO - Already skull stripped!
2025-12-09 22:58:55 - INFO - Initiating ROI time series data extraction...
2025-12-09 22:58:55 - INFO - nil.maskers.NiftiMasker.set_output() is currently unavailable. Using manual method instead.
2025-12-09 22:58:56 - INFO - Creating design matrix from events file...
2025-12-09 22:58:56 - INFO - Found skull-stripped BOLD image on disk for sub-MSC09, ses-func04. Loading...
2025-12-09 22:58:56 - INFO - Already skull stripped!
2025-12-09 22:58:56 - INFO - Initiating ROI time series data extraction...
2025-12-09 22:58:56 - INFO - nil.maskers.NiftiMasker.set_output() is currently unavailable. Using manual method instead.
2025-12-09 22:58:56 - INFO - Creating design matrix from events file...
2025-12-09 22:58:56 - INFO - Found skull-stripped BOLD image on disk for sub-MSC09, ses-func05. Loading...
2025-12-09 22:58:56 - INFO - Already skull stripped!
2025-12-09 22:58:56 - INFO - Initiating ROI time series data extraction...
2025-12-09 22:58:56 - INFO - nil.maskers.NiftiMasker.set_output() is currently unavailable. Using manual method instead.
2025-12-09 22:58:57 - INFO - Creating design matrix from events file...
2025-12-09 22:58:57 - INFO - Found skull-stripped BOLD image on disk for sub-MSC09, ses-func06. Loading...
2025-12-09 22:58:57 - INFO - Already skull stripped!
2025-12-09 22:58:57 - INFO - Initiating ROI time series data extraction...
2025-12-09 22:58:57 - INFO - nil.maskers.NiftiMasker.set_output() is currently unavailable. Using manual method instead.
2025-12-09 22:58:57 - INFO - Creating design matrix from events file...
2025-12-09 22:58:57 - INFO - Found skull-stripped BOLD image on disk for sub-MSC09, ses-func07. Loading...
2025-12-09 22:58:57 - INFO - Already skull stripped!
2025-12-09 22:58:57 - INFO - Initiating ROI time series data extraction...
2025-12-09 22:58:57 - INFO - nil.maskers.NiftiMasker.set_output() is currently unavailable. Using manual method instead.
2025-12-09 22:58:58 - INFO - Creating design matrix from events file...
2025-12-09 22:58:58 - INFO - Found skull-stripped BOLD image on disk for sub-MSC09, ses-func08. Loading...
2025-12-09 22:58:58 - INFO - Already skull stripped!
2025-12-09 22:58:58 - INFO - Initiating ROI time series data extraction...
2025-12-09 22:58:58 - INFO - nil.maskers.NiftiMasker.set_output() is currently unavailable. Using manual method instead.
2025-12-09 22:58:59 - INFO - Creating design matrix from events file...
2025-12-09 22:58:59 - INFO - Found skull-stripped BOLD image on disk for sub-MSC09, ses-func09. Loading...
2025-12-09 22:58:59 - INFO - Already skull stripped!
2025-12-09 22:58:59 - INFO - Initiating ROI time series data extraction...
2025-12-09 22:58:59 - INFO - nil.maskers.NiftiMasker.set_output() is currently unavailable. Using manual method instead.
2025-12-09 22:58:59 - INFO - Creating design matrix from events file...
2025-12-09 22:58:59 - INFO - Found skull-stripped BOLD image on disk for sub-MSC09, ses-func10. Loading...
2025-12-09 22:58:59 - INFO - Already skull stripped!
2025-12-09 22:58:59 - INFO - Initiating ROI time series data extraction...
2025-12-09 22:58:59 - INFO - nil.maskers.NiftiMasker.set_output() is currently unavailable. Using manual method instead.
2025-12-09 22:59:00 - INFO - Creating design matrix from events file...
2025-12-09 22:59:00 - INFO - Found skull-stripped BOLD image on disk for sub-MSC10, ses-func01. Loading...
2025-12-09 22:59:00 - INFO - Already skull stripped!
2025-12-09 22:59:00 - INFO - Initiating ROI time series data extraction...
2025-12-09 22:59:00 - INFO - nil.maskers.NiftiMasker.set_output() is currently unavailable. Using manual method instead.
2025-12-09 22:59:00 - INFO - Creating design matrix from events file...
2025-12-09 22:59:00 - INFO - Found skull-stripped BOLD image on disk for sub-MSC10, ses-func02. Loading...
2025-12-09 22:59:00 - INFO - Already skull stripped!
2025-12-09 22:59:00 - INFO - Initiating ROI time series data extraction...
2025-12-09 22:59:00 - INFO - nil.maskers.NiftiMasker.set_output() is currently unavailable. Using manual method instead.
2025-12-09 22:59:01 - INFO - Creating design matrix from events file...
2025-12-09 22:59:01 - INFO - Found skull-stripped BOLD image on disk for sub-MSC10, ses-func03. Loading...
2025-12-09 22:59:01 - INFO - Already skull stripped!
2025-12-09 22:59:01 - INFO - Initiating ROI time series data extraction...
2025-12-09 22:59:01 - INFO - nil.maskers.NiftiMasker.set_output() is currently unavailable. Using manual method instead.
2025-12-09 22:59:01 - INFO - Creating design matrix from events file...
2025-12-09 22:59:01 - INFO - Found skull-stripped BOLD image on disk for sub-MSC10, ses-func04. Loading...
2025-12-09 22:59:01 - INFO - Already skull stripped!
2025-12-09 22:59:01 - INFO - Initiating ROI time series data extraction...
2025-12-09 22:59:01 - INFO - nil.maskers.NiftiMasker.set_output() is currently unavailable. Using manual method instead.
2025-12-09 22:59:02 - INFO - Creating design matrix from events file...
2025-12-09 22:59:02 - INFO - Found skull-stripped BOLD image on disk for sub-MSC10, ses-func05. Loading...
2025-12-09 22:59:02 - INFO - Already skull stripped!
2025-12-09 22:59:02 - INFO - Initiating ROI time series data extraction...
2025-12-09 22:59:02 - INFO - nil.maskers.NiftiMasker.set_output() is currently unavailable. Using manual method instead.
2025-12-09 22:59:03 - INFO - Creating design matrix from events file...
2025-12-09 22:59:03 - INFO - Found skull-stripped BOLD image on disk for sub-MSC10, ses-func07. Loading...
2025-12-09 22:59:03 - INFO - Already skull stripped!
2025-12-09 22:59:03 - INFO - Initiating ROI time series data extraction...
2025-12-09 22:59:03 - INFO - nil.maskers.NiftiMasker.set_output() is currently unavailable. Using manual method instead.
2025-12-09 22:59:03 - INFO - Creating design matrix from events file...
2025-12-09 22:59:03 - INFO - Found skull-stripped BOLD image on disk for sub-MSC10, ses-func08. Loading...
2025-12-09 22:59:03 - INFO - Already skull stripped!
2025-12-09 22:59:03 - INFO - Initiating ROI time series data extraction...
2025-12-09 22:59:03 - INFO - nil.maskers.NiftiMasker.set_output() is currently unavailable. Using manual method instead.
2025-12-09 22:59:04 - INFO - Creating design matrix from events file...
2025-12-09 22:59:04 - INFO - Found skull-stripped BOLD image on disk for sub-MSC10, ses-func09. Loading...
2025-12-09 22:59:04 - INFO - Already skull stripped!
2025-12-09 22:59:04 - INFO - Initiating ROI time series data extraction...
2025-12-09 22:59:04 - INFO - nil.maskers.NiftiMasker.set_output() is currently unavailable. Using manual method instead.
2025-12-09 22:59:04 - INFO - Creating design matrix from events file...
2025-12-09 22:59:04 - INFO - Found skull-stripped BOLD image on disk for sub-MSC10, ses-func10. Loading...
2025-12-09 22:59:04 - INFO - Already skull stripped!
2025-12-09 22:59:04 - INFO - Initiating ROI time series data extraction...
2025-12-09 22:59:04 - INFO - nil.maskers.NiftiMasker.set_output() is currently unavailable. Using manual method instead.
2025-12-09 22:59:07 - INFO - Creating design matrix from events file...
